2021-03-22 07:32:06,133:INFO:PyCaret Supervised Module
2021-03-22 07:32:06,133:INFO:ML Usecase: classification
2021-03-22 07:32:06,133:INFO:version 2.3.0
2021-03-22 07:32:06,133:INFO:Initializing setup()
2021-03-22 07:32:06,133:INFO:setup(target=Survived, ml_usecase=classification, available_plots={'parameter': 'Hyperparameters', 'auc': 'AUC', 'confusion_matrix': 'Confusion Matrix', 'threshold': 'Threshold', 'pr': 'Precision Recall', 'error': 'Prediction Error', 'class_report': 'Class Report', 'rfe': 'Feature Selection', 'learning': 'Learning Curve', 'manifold': 'Manifold Learning', 'calibration': 'Calibration Curve', 'vc': 'Validation Curve', 'dimension': 'Dimensions', 'feature': 'Feature Importance', 'feature_all': 'Feature Importance (All)', 'boundary': 'Decision Boundary', 'lift': 'Lift Chart', 'gain': 'Gain Chart', 'tree': 'Decision Tree'}, train_size=0.7, test_data=None, preprocess=True, imputation_type=simple, iterative_imputation_iters=5, categorical_features=['Sex', 'Embarked'], categorical_imputation=constant, categorical_iterative_imputer=lightgbm, ordinal_features=None, high_cardinality_features=None, high_cardinality_method=frequency, numeric_features=None, numeric_imputation=mean, numeric_iterative_imputer=lightgbm, date_features=None, ignore_features=None, normalize=False, normalize_method=zscore, transformation=False, transformation_method=yeo-johnson, handle_unknown_categorical=True, unknown_categorical_method=least_frequent, pca=False, pca_method=linear, pca_components=None, ignore_low_variance=False, combine_rare_levels=False, rare_level_threshold=0.1, bin_numeric_features=None, remove_outliers=False, outliers_threshold=0.05, remove_multicollinearity=False, multicollinearity_threshold=0.9, remove_perfect_collinearity=True, create_clusters=False, cluster_iter=20, polynomial_features=False, polynomial_degree=2, trigonometry_features=False, polynomial_threshold=0.1, group_features=None, group_names=None, feature_selection=False, feature_selection_threshold=0.8, feature_selection_method=classic, feature_interaction=False, feature_ratio=False, interaction_threshold=0.01, fix_imbalance=False, fix_imbalance_method=None, transform_target=False, transform_target_method=box-cox, data_split_shuffle=True, data_split_stratify=False, fold_strategy=stratifiedkfold, fold=10, fold_shuffle=False, fold_groups=None, n_jobs=-1, use_gpu=False, custom_pipeline=None, html=True, session_id=None, log_experiment=False, experiment_name=None, log_plots=False, log_profile=False, log_data=False, silent=False, verbose=True, profile=False, profile_kwargs=None, display=None)
2021-03-22 07:32:06,133:INFO:Checking environment
2021-03-22 07:32:06,141:INFO:python_version: 3.8.8
2021-03-22 07:32:06,141:INFO:python_build: ('default', 'Feb 24 2021 15:54:32')
2021-03-22 07:32:06,141:INFO:machine: AMD64
2021-03-22 07:32:06,141:INFO:platform: Windows-10-10.0.17763-SP0
2021-03-22 07:32:06,141:WARNING:cannot find psutil installation. memory not traceable. Install psutil using pip to enable memory logging.
2021-03-22 07:32:06,141:INFO:Checking libraries
2021-03-22 07:32:06,141:INFO:pd==1.2.3
2021-03-22 07:32:06,141:INFO:numpy==1.20.1
2021-03-22 07:32:06,141:INFO:sklearn==0.23.2
2021-03-22 07:32:06,141:INFO:lightgbm==3.1.1
2021-03-22 07:32:06,141:WARNING:catboost not found
2021-03-22 07:32:06,141:WARNING:xgboost not found
2021-03-22 07:32:08,357:INFO:mlflow==1.14.1
2021-03-22 07:32:08,357:INFO:Checking Exceptions
2021-03-22 07:32:08,357:INFO:Declaring global variables
2021-03-22 07:32:08,357:INFO:USI: 7f9e
2021-03-22 07:32:08,357:INFO:pycaret_globals: {'logging_param', 'fold_shuffle_param', 'create_model_container', 'fold_param', 'fold_generator', 'prep_pipe', 'USI', '_available_plots', 'master_model_container', 'stratify_param', 'exp_name_log', 'experiment__', 'X', '_all_metrics', 'y', 'n_jobs_param', 'target_param', '_internal_pipeline', '_ml_usecase', 'log_plots_param', '_all_models', 'fix_imbalance_param', 'gpu_param', 'imputation_classifier', '_gpu_n_jobs_param', 'seed', 'fix_imbalance_method_param', 'display_container', 'y_train', 'X_test', 'data_before_preprocess', 'transform_target_method_param', 'iterative_imputation_iters_param', 'imputation_regressor', '_all_models_internal', 'y_test', 'html_param', 'fold_groups_param', 'pycaret_globals', 'X_train', 'transform_target_param'}
2021-03-22 07:32:08,365:INFO:Preparing display monitor
2021-03-22 07:32:08,365:INFO:Preparing display monitor
2021-03-22 07:32:08,445:INFO:Importing libraries
2021-03-22 07:32:08,445:INFO:Copying data for preprocessing
2021-03-22 07:32:08,517:INFO:Declaring preprocessing parameters
2021-03-22 07:32:08,525:INFO:Creating preprocessing pipeline
2021-03-22 07:32:08,565:INFO:Preprocessing pipeline created successfully
2021-03-22 07:32:08,565:ERROR:(Process Exit): setup has been interupted with user command 'quit'. setup must rerun.
2021-03-22 07:32:08,565:INFO:Creating global containers
2021-03-22 07:32:08,573:INFO:Internal pipeline: Pipeline(memory=None, steps=[('empty_step', 'passthrough')], verbose=False)
2021-03-22 07:32:56,460:WARNING:Couldn't import xgboost.XGBClassifier
2021-03-22 07:32:56,460:WARNING:Couldn't import catboost.CatBoostClassifier
2021-03-22 07:32:56,652:WARNING:Couldn't import xgboost.XGBClassifier
2021-03-22 07:32:56,652:WARNING:Couldn't import catboost.CatBoostClassifier
2021-03-22 07:32:56,652:INFO:Creating grid variables
2021-03-22 07:32:56,756:INFO:create_model_container: 0
2021-03-22 07:32:56,756:INFO:master_model_container: 0
2021-03-22 07:32:56,756:INFO:display_container: 1
2021-03-22 07:32:56,772:INFO:Pipeline(memory=None,
         steps=[('dtypes',
                 DataTypes_Auto_infer(categorical_features=['Sex', 'Embarked'],
                                      display_types=True, features_todrop=[],
                                      id_columns=[],
                                      ml_usecase='classification',
                                      numerical_features=[], target='Survived',
                                      time_features=[])),
                ('imputer',
                 Simple_Imputer(categorical_strategy='not_available',
                                fill_value_categorical=None,
                                fill_value_numerical=...
                ('scaling', 'passthrough'), ('P_transform', 'passthrough'),
                ('binn', 'passthrough'), ('rem_outliers', 'passthrough'),
                ('cluster_all', 'passthrough'),
                ('dummy', Dummify(target='Survived')),
                ('fix_perfect', Remove_100(target='Survived')),
                ('clean_names', Clean_Colum_Names()),
                ('feature_select', 'passthrough'), ('fix_multi', 'passthrough'),
                ('dfs', 'passthrough'), ('pca', 'passthrough')],
         verbose=False)
2021-03-22 07:32:56,772:INFO:setup() succesfully completed......................................
2021-03-22 07:32:56,956:INFO:Initializing compare_models()
2021-03-22 07:32:56,956:INFO:compare_models(include=None, fold=None, round=4, cross_validation=True, sort=Accuracy, n_select=1, budget_time=None, turbo=True, errors=ignore, fit_kwargs=None, groups=None, verbose=True, display=None, exclude=None)
2021-03-22 07:32:56,956:INFO:Checking exceptions
2021-03-22 07:32:56,956:INFO:Preparing display monitor
2021-03-22 07:32:56,956:INFO:Preparing display monitor
2021-03-22 07:32:56,996:INFO:Initializing Logistic Regression
2021-03-22 07:32:56,996:INFO:Total runtime is 0.0 minutes
2021-03-22 07:32:57,012:INFO:SubProcess create_model() called ==================================
2021-03-22 07:32:57,012:INFO:Initializing create_model()
2021-03-22 07:32:57,012:INFO:create_model(estimator=lr, fold=StratifiedKFold(n_splits=10, random_state=None, shuffle=False), round=4, cross_validation=True, predict=True, fit_kwargs={}, groups=None, refit=False, verbose=False, system=False, metrics=None, display=<pycaret.internal.Display.Display object at 0x000001E2A62CD970>, kwargs={})
2021-03-22 07:32:57,012:INFO:Checking exceptions
2021-03-22 07:32:57,012:INFO:Importing libraries
2021-03-22 07:32:57,012:INFO:Copying training dataset
2021-03-22 07:32:57,012:INFO:Defining folds
2021-03-22 07:32:57,012:INFO:Declaring metric variables
2021-03-22 07:32:57,028:INFO:Importing untrained model
2021-03-22 07:32:57,044:INFO:Logistic Regression Imported succesfully
2021-03-22 07:32:57,076:INFO:Starting cross validation
2021-03-22 07:32:57,076:INFO:Cross validating with StratifiedKFold(n_splits=10, random_state=None, shuffle=False), n_jobs=-1
2021-03-22 07:33:29,943:INFO:Calculating mean and std
2021-03-22 07:33:29,943:INFO:Creating metrics dataframe
2021-03-22 07:33:29,956:INFO:Uploading results into container
2021-03-22 07:33:29,956:INFO:Uploading model into container now
2021-03-22 07:33:29,956:INFO:create_model_container: 1
2021-03-22 07:33:29,956:INFO:master_model_container: 1
2021-03-22 07:33:29,956:INFO:display_container: 2
2021-03-22 07:33:29,956:INFO:LogisticRegression(C=1.0, class_weight=None, dual=False, fit_intercept=True,
                   intercept_scaling=1, l1_ratio=None, max_iter=1000,
                   multi_class='auto', n_jobs=None, penalty='l2',
                   random_state=6926, solver='lbfgs', tol=0.0001, verbose=0,
                   warm_start=False)
2021-03-22 07:33:29,956:INFO:create_model() succesfully completed......................................
2021-03-22 07:33:30,124:INFO:SubProcess create_model() end ==================================
2021-03-22 07:33:30,124:INFO:Creating metrics dataframe
2021-03-22 07:33:30,148:INFO:Initializing K Neighbors Classifier
2021-03-22 07:33:30,148:INFO:Total runtime is 0.5525297880172729 minutes
2021-03-22 07:33:30,156:INFO:SubProcess create_model() called ==================================
2021-03-22 07:33:30,156:INFO:Initializing create_model()
2021-03-22 07:33:30,156:INFO:create_model(estimator=knn, fold=StratifiedKFold(n_splits=10, random_state=None, shuffle=False), round=4, cross_validation=True, predict=True, fit_kwargs={}, groups=None, refit=False, verbose=False, system=False, metrics=None, display=<pycaret.internal.Display.Display object at 0x000001E2A62CD970>, kwargs={})
2021-03-22 07:33:30,156:INFO:Checking exceptions
2021-03-22 07:33:30,156:INFO:Importing libraries
2021-03-22 07:33:30,156:INFO:Copying training dataset
2021-03-22 07:33:30,164:INFO:Defining folds
2021-03-22 07:33:30,164:INFO:Declaring metric variables
2021-03-22 07:33:30,172:INFO:Importing untrained model
2021-03-22 07:33:30,188:INFO:K Neighbors Classifier Imported succesfully
2021-03-22 07:33:30,212:INFO:Starting cross validation
2021-03-22 07:33:30,212:INFO:Cross validating with StratifiedKFold(n_splits=10, random_state=None, shuffle=False), n_jobs=-1
2021-03-22 07:33:30,476:INFO:Calculating mean and std
2021-03-22 07:33:30,476:INFO:Creating metrics dataframe
2021-03-22 07:33:30,484:INFO:Uploading results into container
2021-03-22 07:33:30,484:INFO:Uploading model into container now
2021-03-22 07:33:30,484:INFO:create_model_container: 2
2021-03-22 07:33:30,484:INFO:master_model_container: 2
2021-03-22 07:33:30,484:INFO:display_container: 2
2021-03-22 07:33:30,484:INFO:KNeighborsClassifier(algorithm='auto', leaf_size=30, metric='minkowski',
                     metric_params=None, n_jobs=-1, n_neighbors=5, p=2,
                     weights='uniform')
2021-03-22 07:33:30,484:INFO:create_model() succesfully completed......................................
2021-03-22 07:33:30,660:INFO:SubProcess create_model() end ==================================
2021-03-22 07:33:30,660:INFO:Creating metrics dataframe
2021-03-22 07:33:30,676:INFO:Initializing Naive Bayes
2021-03-22 07:33:30,676:INFO:Total runtime is 0.5613286018371582 minutes
2021-03-22 07:33:30,692:INFO:SubProcess create_model() called ==================================
2021-03-22 07:33:30,692:INFO:Initializing create_model()
2021-03-22 07:33:30,692:INFO:create_model(estimator=nb, fold=StratifiedKFold(n_splits=10, random_state=None, shuffle=False), round=4, cross_validation=True, predict=True, fit_kwargs={}, groups=None, refit=False, verbose=False, system=False, metrics=None, display=<pycaret.internal.Display.Display object at 0x000001E2A62CD970>, kwargs={})
2021-03-22 07:33:30,692:INFO:Checking exceptions
2021-03-22 07:33:30,692:INFO:Importing libraries
2021-03-22 07:33:30,692:INFO:Copying training dataset
2021-03-22 07:33:30,692:INFO:Defining folds
2021-03-22 07:33:30,692:INFO:Declaring metric variables
2021-03-22 07:33:30,708:INFO:Importing untrained model
2021-03-22 07:33:30,724:INFO:Naive Bayes Imported succesfully
2021-03-22 07:33:30,756:INFO:Starting cross validation
2021-03-22 07:33:30,756:INFO:Cross validating with StratifiedKFold(n_splits=10, random_state=None, shuffle=False), n_jobs=-1
2021-03-22 07:33:30,980:INFO:Calculating mean and std
2021-03-22 07:33:30,988:INFO:Creating metrics dataframe
2021-03-22 07:33:30,988:INFO:Uploading results into container
2021-03-22 07:33:30,988:INFO:Uploading model into container now
2021-03-22 07:33:30,988:INFO:create_model_container: 3
2021-03-22 07:33:30,988:INFO:master_model_container: 3
2021-03-22 07:33:30,988:INFO:display_container: 2
2021-03-22 07:33:30,988:INFO:GaussianNB(priors=None, var_smoothing=1e-09)
2021-03-22 07:33:30,988:INFO:create_model() succesfully completed......................................
2021-03-22 07:33:31,172:INFO:SubProcess create_model() end ==================================
2021-03-22 07:33:31,172:INFO:Creating metrics dataframe
2021-03-22 07:33:31,196:INFO:Initializing Decision Tree Classifier
2021-03-22 07:33:31,196:INFO:Total runtime is 0.5699940880139668 minutes
2021-03-22 07:33:31,204:INFO:SubProcess create_model() called ==================================
2021-03-22 07:33:31,204:INFO:Initializing create_model()
2021-03-22 07:33:31,204:INFO:create_model(estimator=dt, fold=StratifiedKFold(n_splits=10, random_state=None, shuffle=False), round=4, cross_validation=True, predict=True, fit_kwargs={}, groups=None, refit=False, verbose=False, system=False, metrics=None, display=<pycaret.internal.Display.Display object at 0x000001E2A62CD970>, kwargs={})
2021-03-22 07:33:31,204:INFO:Checking exceptions
2021-03-22 07:33:31,204:INFO:Importing libraries
2021-03-22 07:33:31,204:INFO:Copying training dataset
2021-03-22 07:33:31,212:INFO:Defining folds
2021-03-22 07:33:31,212:INFO:Declaring metric variables
2021-03-22 07:33:31,220:INFO:Importing untrained model
2021-03-22 07:33:31,236:INFO:Decision Tree Classifier Imported succesfully
2021-03-22 07:33:31,268:INFO:Starting cross validation
2021-03-22 07:33:31,268:INFO:Cross validating with StratifiedKFold(n_splits=10, random_state=None, shuffle=False), n_jobs=-1
2021-03-22 07:33:31,396:INFO:Calculating mean and std
2021-03-22 07:33:31,396:INFO:Creating metrics dataframe
2021-03-22 07:33:31,404:INFO:Uploading results into container
2021-03-22 07:33:31,404:INFO:Uploading model into container now
2021-03-22 07:33:31,404:INFO:create_model_container: 4
2021-03-22 07:33:31,404:INFO:master_model_container: 4
2021-03-22 07:33:31,404:INFO:display_container: 2
2021-03-22 07:33:31,404:INFO:DecisionTreeClassifier(ccp_alpha=0.0, class_weight=None, criterion='gini',
                       max_depth=None, max_features=None, max_leaf_nodes=None,
                       min_impurity_decrease=0.0, min_impurity_split=None,
                       min_samples_leaf=1, min_samples_split=2,
                       min_weight_fraction_leaf=0.0, presort='deprecated',
                       random_state=6926, splitter='best')
2021-03-22 07:33:31,404:INFO:create_model() succesfully completed......................................
2021-03-22 07:33:31,580:INFO:SubProcess create_model() end ==================================
2021-03-22 07:33:31,580:INFO:Creating metrics dataframe
2021-03-22 07:33:31,604:INFO:Initializing SVM - Linear Kernel
2021-03-22 07:33:31,604:INFO:Total runtime is 0.5767931620279947 minutes
2021-03-22 07:33:31,620:INFO:SubProcess create_model() called ==================================
2021-03-22 07:33:31,620:INFO:Initializing create_model()
2021-03-22 07:33:31,620:INFO:create_model(estimator=svm, fold=StratifiedKFold(n_splits=10, random_state=None, shuffle=False), round=4, cross_validation=True, predict=True, fit_kwargs={}, groups=None, refit=False, verbose=False, system=False, metrics=None, display=<pycaret.internal.Display.Display object at 0x000001E2A62CD970>, kwargs={})
2021-03-22 07:33:31,620:INFO:Checking exceptions
2021-03-22 07:33:31,620:INFO:Importing libraries
2021-03-22 07:33:31,620:INFO:Copying training dataset
2021-03-22 07:33:31,620:INFO:Defining folds
2021-03-22 07:33:31,620:INFO:Declaring metric variables
2021-03-22 07:33:31,636:INFO:Importing untrained model
2021-03-22 07:33:31,644:INFO:SVM - Linear Kernel Imported succesfully
2021-03-22 07:33:31,676:INFO:Starting cross validation
2021-03-22 07:33:31,676:INFO:Cross validating with StratifiedKFold(n_splits=10, random_state=None, shuffle=False), n_jobs=-1
2021-03-22 07:33:32,081:INFO:Calculating mean and std
2021-03-22 07:33:32,081:INFO:Creating metrics dataframe
2021-03-22 07:33:32,089:INFO:Uploading results into container
2021-03-22 07:33:32,089:INFO:Uploading model into container now
2021-03-22 07:33:32,089:INFO:create_model_container: 5
2021-03-22 07:33:32,089:INFO:master_model_container: 5
2021-03-22 07:33:32,089:INFO:display_container: 2
2021-03-22 07:33:32,089:INFO:SGDClassifier(alpha=0.0001, average=False, class_weight=None,
              early_stopping=False, epsilon=0.1, eta0=0.001, fit_intercept=True,
              l1_ratio=0.15, learning_rate='optimal', loss='hinge',
              max_iter=1000, n_iter_no_change=5, n_jobs=-1, penalty='l2',
              power_t=0.5, random_state=6926, shuffle=True, tol=0.001,
              validation_fraction=0.1, verbose=0, warm_start=False)
2021-03-22 07:33:32,089:INFO:create_model() succesfully completed......................................
2021-03-22 07:33:32,265:INFO:SubProcess create_model() end ==================================
2021-03-22 07:33:32,265:INFO:Creating metrics dataframe
2021-03-22 07:33:32,289:INFO:Initializing Ridge Classifier
2021-03-22 07:33:32,289:INFO:Total runtime is 0.5882092118263244 minutes
2021-03-22 07:33:32,305:INFO:SubProcess create_model() called ==================================
2021-03-22 07:33:32,305:INFO:Initializing create_model()
2021-03-22 07:33:32,305:INFO:create_model(estimator=ridge, fold=StratifiedKFold(n_splits=10, random_state=None, shuffle=False), round=4, cross_validation=True, predict=True, fit_kwargs={}, groups=None, refit=False, verbose=False, system=False, metrics=None, display=<pycaret.internal.Display.Display object at 0x000001E2A62CD970>, kwargs={})
2021-03-22 07:33:32,305:INFO:Checking exceptions
2021-03-22 07:33:32,305:INFO:Importing libraries
2021-03-22 07:33:32,305:INFO:Copying training dataset
2021-03-22 07:33:32,305:INFO:Defining folds
2021-03-22 07:33:32,305:INFO:Declaring metric variables
2021-03-22 07:33:32,321:INFO:Importing untrained model
2021-03-22 07:33:32,329:INFO:Ridge Classifier Imported succesfully
2021-03-22 07:33:32,353:INFO:Starting cross validation
2021-03-22 07:33:32,353:INFO:Cross validating with StratifiedKFold(n_splits=10, random_state=None, shuffle=False), n_jobs=-1
2021-03-22 07:33:32,723:INFO:Calculating mean and std
2021-03-22 07:33:32,723:INFO:Creating metrics dataframe
2021-03-22 07:33:32,731:INFO:Uploading results into container
2021-03-22 07:33:32,731:INFO:Uploading model into container now
2021-03-22 07:33:32,731:INFO:create_model_container: 6
2021-03-22 07:33:32,731:INFO:master_model_container: 6
2021-03-22 07:33:32,731:INFO:display_container: 2
2021-03-22 07:33:32,731:INFO:RidgeClassifier(alpha=1.0, class_weight=None, copy_X=True, fit_intercept=True,
                max_iter=None, normalize=False, random_state=6926,
                solver='auto', tol=0.001)
2021-03-22 07:33:32,731:INFO:create_model() succesfully completed......................................
2021-03-22 07:33:32,899:INFO:SubProcess create_model() end ==================================
2021-03-22 07:33:32,899:INFO:Creating metrics dataframe
2021-03-22 07:33:32,923:INFO:Initializing Random Forest Classifier
2021-03-22 07:33:32,923:INFO:Total runtime is 0.5987753987312315 minutes
2021-03-22 07:33:32,931:INFO:SubProcess create_model() called ==================================
2021-03-22 07:33:32,939:INFO:Initializing create_model()
2021-03-22 07:33:32,939:INFO:create_model(estimator=rf, fold=StratifiedKFold(n_splits=10, random_state=None, shuffle=False), round=4, cross_validation=True, predict=True, fit_kwargs={}, groups=None, refit=False, verbose=False, system=False, metrics=None, display=<pycaret.internal.Display.Display object at 0x000001E2A62CD970>, kwargs={})
2021-03-22 07:33:32,939:INFO:Checking exceptions
2021-03-22 07:33:32,939:INFO:Importing libraries
2021-03-22 07:33:32,939:INFO:Copying training dataset
2021-03-22 07:33:32,939:INFO:Defining folds
2021-03-22 07:33:32,939:INFO:Declaring metric variables
2021-03-22 07:33:32,955:INFO:Importing untrained model
2021-03-22 07:33:32,963:INFO:Random Forest Classifier Imported succesfully
2021-03-22 07:33:32,995:INFO:Starting cross validation
2021-03-22 07:33:32,995:INFO:Cross validating with StratifiedKFold(n_splits=10, random_state=None, shuffle=False), n_jobs=-1
2021-03-22 07:33:34,744:INFO:Calculating mean and std
2021-03-22 07:33:34,744:INFO:Creating metrics dataframe
2021-03-22 07:33:34,760:INFO:Uploading results into container
2021-03-22 07:33:34,760:INFO:Uploading model into container now
2021-03-22 07:33:34,760:INFO:create_model_container: 7
2021-03-22 07:33:34,760:INFO:master_model_container: 7
2021-03-22 07:33:34,760:INFO:display_container: 2
2021-03-22 07:33:34,760:INFO:RandomForestClassifier(bootstrap=True, ccp_alpha=0.0, class_weight=None,
                       criterion='gini', max_depth=None, max_features='auto',
                       max_leaf_nodes=None, max_samples=None,
                       min_impurity_decrease=0.0, min_impurity_split=None,
                       min_samples_leaf=1, min_samples_split=2,
                       min_weight_fraction_leaf=0.0, n_estimators=100,
                       n_jobs=-1, oob_score=False, random_state=6926, verbose=0,
                       warm_start=False)
2021-03-22 07:33:34,760:INFO:create_model() succesfully completed......................................
2021-03-22 07:33:34,944:INFO:SubProcess create_model() end ==================================
2021-03-22 07:33:34,944:INFO:Creating metrics dataframe
2021-03-22 07:33:34,968:INFO:Initializing Quadratic Discriminant Analysis
2021-03-22 07:33:34,968:INFO:Total runtime is 0.6328593055407205 minutes
2021-03-22 07:33:34,984:INFO:SubProcess create_model() called ==================================
2021-03-22 07:33:34,984:INFO:Initializing create_model()
2021-03-22 07:33:34,984:INFO:create_model(estimator=qda, fold=StratifiedKFold(n_splits=10, random_state=None, shuffle=False), round=4, cross_validation=True, predict=True, fit_kwargs={}, groups=None, refit=False, verbose=False, system=False, metrics=None, display=<pycaret.internal.Display.Display object at 0x000001E2A62CD970>, kwargs={})
2021-03-22 07:33:34,984:INFO:Checking exceptions
2021-03-22 07:33:34,984:INFO:Importing libraries
2021-03-22 07:33:34,984:INFO:Copying training dataset
2021-03-22 07:33:34,984:INFO:Defining folds
2021-03-22 07:33:34,984:INFO:Declaring metric variables
2021-03-22 07:33:34,992:INFO:Importing untrained model
2021-03-22 07:33:35,008:INFO:Quadratic Discriminant Analysis Imported succesfully
2021-03-22 07:33:35,048:INFO:Starting cross validation
2021-03-22 07:33:35,048:INFO:Cross validating with StratifiedKFold(n_splits=10, random_state=None, shuffle=False), n_jobs=-1
2021-03-22 07:33:35,522:INFO:Calculating mean and std
2021-03-22 07:33:35,530:INFO:Creating metrics dataframe
2021-03-22 07:33:35,538:INFO:Uploading results into container
2021-03-22 07:33:35,538:INFO:Uploading model into container now
2021-03-22 07:33:35,538:INFO:create_model_container: 8
2021-03-22 07:33:35,538:INFO:master_model_container: 8
2021-03-22 07:33:35,538:INFO:display_container: 2
2021-03-22 07:33:35,538:INFO:QuadraticDiscriminantAnalysis(priors=None, reg_param=0.0,
                              store_covariance=False, tol=0.0001)
2021-03-22 07:33:35,538:INFO:create_model() succesfully completed......................................
2021-03-22 07:33:35,714:INFO:SubProcess create_model() end ==================================
2021-03-22 07:33:35,714:INFO:Creating metrics dataframe
2021-03-22 07:33:35,746:INFO:Initializing Ada Boost Classifier
2021-03-22 07:33:35,746:INFO:Total runtime is 0.6458246588706968 minutes
2021-03-22 07:33:35,754:INFO:SubProcess create_model() called ==================================
2021-03-22 07:33:35,754:INFO:Initializing create_model()
2021-03-22 07:33:35,762:INFO:create_model(estimator=ada, fold=StratifiedKFold(n_splits=10, random_state=None, shuffle=False), round=4, cross_validation=True, predict=True, fit_kwargs={}, groups=None, refit=False, verbose=False, system=False, metrics=None, display=<pycaret.internal.Display.Display object at 0x000001E2A62CD970>, kwargs={})
2021-03-22 07:33:35,762:INFO:Checking exceptions
2021-03-22 07:33:35,762:INFO:Importing libraries
2021-03-22 07:33:35,762:INFO:Copying training dataset
2021-03-22 07:33:35,762:INFO:Defining folds
2021-03-22 07:33:35,762:INFO:Declaring metric variables
2021-03-22 07:33:35,770:INFO:Importing untrained model
2021-03-22 07:33:35,786:INFO:Ada Boost Classifier Imported succesfully
2021-03-22 07:33:35,818:INFO:Starting cross validation
2021-03-22 07:33:35,826:INFO:Cross validating with StratifiedKFold(n_splits=10, random_state=None, shuffle=False), n_jobs=-1
2021-03-22 07:33:36,578:INFO:Calculating mean and std
2021-03-22 07:33:36,580:INFO:Creating metrics dataframe
2021-03-22 07:33:36,588:INFO:Uploading results into container
2021-03-22 07:33:36,588:INFO:Uploading model into container now
2021-03-22 07:33:36,588:INFO:create_model_container: 9
2021-03-22 07:33:36,588:INFO:master_model_container: 9
2021-03-22 07:33:36,588:INFO:display_container: 2
2021-03-22 07:33:36,588:INFO:AdaBoostClassifier(algorithm='SAMME.R', base_estimator=None, learning_rate=1.0,
                   n_estimators=50, random_state=6926)
2021-03-22 07:33:36,588:INFO:create_model() succesfully completed......................................
2021-03-22 07:33:36,774:INFO:SubProcess create_model() end ==================================
2021-03-22 07:33:36,774:INFO:Creating metrics dataframe
2021-03-22 07:33:36,802:INFO:Initializing Gradient Boosting Classifier
2021-03-22 07:33:36,802:INFO:Total runtime is 0.6634255210558572 minutes
2021-03-22 07:33:36,810:INFO:SubProcess create_model() called ==================================
2021-03-22 07:33:36,810:INFO:Initializing create_model()
2021-03-22 07:33:36,810:INFO:create_model(estimator=gbc, fold=StratifiedKFold(n_splits=10, random_state=None, shuffle=False), round=4, cross_validation=True, predict=True, fit_kwargs={}, groups=None, refit=False, verbose=False, system=False, metrics=None, display=<pycaret.internal.Display.Display object at 0x000001E2A62CD970>, kwargs={})
2021-03-22 07:33:36,810:INFO:Checking exceptions
2021-03-22 07:33:36,810:INFO:Importing libraries
2021-03-22 07:33:36,810:INFO:Copying training dataset
2021-03-22 07:33:36,810:INFO:Defining folds
2021-03-22 07:33:36,810:INFO:Declaring metric variables
2021-03-22 07:33:36,826:INFO:Importing untrained model
2021-03-22 07:33:36,842:INFO:Gradient Boosting Classifier Imported succesfully
2021-03-22 07:33:36,866:INFO:Starting cross validation
2021-03-22 07:33:36,874:INFO:Cross validating with StratifiedKFold(n_splits=10, random_state=None, shuffle=False), n_jobs=-1
2021-03-22 07:33:37,557:INFO:Calculating mean and std
2021-03-22 07:33:37,565:INFO:Creating metrics dataframe
2021-03-22 07:33:37,565:INFO:Uploading results into container
2021-03-22 07:33:37,565:INFO:Uploading model into container now
2021-03-22 07:33:37,565:INFO:create_model_container: 10
2021-03-22 07:33:37,565:INFO:master_model_container: 10
2021-03-22 07:33:37,565:INFO:display_container: 2
2021-03-22 07:33:37,565:INFO:GradientBoostingClassifier(ccp_alpha=0.0, criterion='friedman_mse', init=None,
                           learning_rate=0.1, loss='deviance', max_depth=3,
                           max_features=None, max_leaf_nodes=None,
                           min_impurity_decrease=0.0, min_impurity_split=None,
                           min_samples_leaf=1, min_samples_split=2,
                           min_weight_fraction_leaf=0.0, n_estimators=100,
                           n_iter_no_change=None, presort='deprecated',
                           random_state=6926, subsample=1.0, tol=0.0001,
                           validation_fraction=0.1, verbose=0,
                           warm_start=False)
2021-03-22 07:33:37,565:INFO:create_model() succesfully completed......................................
2021-03-22 07:33:37,733:INFO:SubProcess create_model() end ==================================
2021-03-22 07:33:37,733:INFO:Creating metrics dataframe
2021-03-22 07:33:37,794:INFO:Initializing Linear Discriminant Analysis
2021-03-22 07:33:37,794:INFO:Total runtime is 0.6799553195635476 minutes
2021-03-22 07:33:37,815:INFO:SubProcess create_model() called ==================================
2021-03-22 07:33:37,815:INFO:Initializing create_model()
2021-03-22 07:33:37,815:INFO:create_model(estimator=lda, fold=StratifiedKFold(n_splits=10, random_state=None, shuffle=False), round=4, cross_validation=True, predict=True, fit_kwargs={}, groups=None, refit=False, verbose=False, system=False, metrics=None, display=<pycaret.internal.Display.Display object at 0x000001E2A62CD970>, kwargs={})
2021-03-22 07:33:37,815:INFO:Checking exceptions
2021-03-22 07:33:37,823:INFO:Importing libraries
2021-03-22 07:33:37,823:INFO:Copying training dataset
2021-03-22 07:33:37,823:INFO:Defining folds
2021-03-22 07:33:37,823:INFO:Declaring metric variables
2021-03-22 07:33:37,855:INFO:Importing untrained model
2021-03-22 07:33:37,879:INFO:Linear Discriminant Analysis Imported succesfully
2021-03-22 07:33:37,927:INFO:Starting cross validation
2021-03-22 07:33:37,927:INFO:Cross validating with StratifiedKFold(n_splits=10, random_state=None, shuffle=False), n_jobs=-1
2021-03-22 07:33:38,287:INFO:Calculating mean and std
2021-03-22 07:33:38,287:INFO:Creating metrics dataframe
2021-03-22 07:33:38,295:INFO:Uploading results into container
2021-03-22 07:33:38,295:INFO:Uploading model into container now
2021-03-22 07:33:38,295:INFO:create_model_container: 11
2021-03-22 07:33:38,295:INFO:master_model_container: 11
2021-03-22 07:33:38,295:INFO:display_container: 2
2021-03-22 07:33:38,295:INFO:LinearDiscriminantAnalysis(n_components=None, priors=None, shrinkage=None,
                           solver='svd', store_covariance=False, tol=0.0001)
2021-03-22 07:33:38,295:INFO:create_model() succesfully completed......................................
2021-03-22 07:33:38,479:INFO:SubProcess create_model() end ==================================
2021-03-22 07:33:38,479:INFO:Creating metrics dataframe
2021-03-22 07:33:38,511:INFO:Initializing Extra Trees Classifier
2021-03-22 07:33:38,511:INFO:Total runtime is 0.6919066111246743 minutes
2021-03-22 07:33:38,519:INFO:SubProcess create_model() called ==================================
2021-03-22 07:33:38,519:INFO:Initializing create_model()
2021-03-22 07:33:38,519:INFO:create_model(estimator=et, fold=StratifiedKFold(n_splits=10, random_state=None, shuffle=False), round=4, cross_validation=True, predict=True, fit_kwargs={}, groups=None, refit=False, verbose=False, system=False, metrics=None, display=<pycaret.internal.Display.Display object at 0x000001E2A62CD970>, kwargs={})
2021-03-22 07:33:38,519:INFO:Checking exceptions
2021-03-22 07:33:38,519:INFO:Importing libraries
2021-03-22 07:33:38,519:INFO:Copying training dataset
2021-03-22 07:33:38,527:INFO:Defining folds
2021-03-22 07:33:38,527:INFO:Declaring metric variables
2021-03-22 07:33:38,535:INFO:Importing untrained model
2021-03-22 07:33:38,551:INFO:Extra Trees Classifier Imported succesfully
2021-03-22 07:33:38,583:INFO:Starting cross validation
2021-03-22 07:33:38,583:INFO:Cross validating with StratifiedKFold(n_splits=10, random_state=None, shuffle=False), n_jobs=-1
2021-03-22 07:33:40,114:INFO:Calculating mean and std
2021-03-22 07:33:40,114:INFO:Creating metrics dataframe
2021-03-22 07:33:40,122:INFO:Uploading results into container
2021-03-22 07:33:40,122:INFO:Uploading model into container now
2021-03-22 07:33:40,122:INFO:create_model_container: 12
2021-03-22 07:33:40,122:INFO:master_model_container: 12
2021-03-22 07:33:40,122:INFO:display_container: 2
2021-03-22 07:33:40,122:INFO:ExtraTreesClassifier(bootstrap=False, ccp_alpha=0.0, class_weight=None,
                     criterion='gini', max_depth=None, max_features='auto',
                     max_leaf_nodes=None, max_samples=None,
                     min_impurity_decrease=0.0, min_impurity_split=None,
                     min_samples_leaf=1, min_samples_split=2,
                     min_weight_fraction_leaf=0.0, n_estimators=100, n_jobs=-1,
                     oob_score=False, random_state=6926, verbose=0,
                     warm_start=False)
2021-03-22 07:33:40,122:INFO:create_model() succesfully completed......................................
2021-03-22 07:33:40,298:INFO:SubProcess create_model() end ==================================
2021-03-22 07:33:40,298:INFO:Creating metrics dataframe
2021-03-22 07:33:40,458:INFO:Initializing Light Gradient Boosting Machine
2021-03-22 07:33:40,458:INFO:Total runtime is 0.7243556022644041 minutes
2021-03-22 07:33:40,514:INFO:SubProcess create_model() called ==================================
2021-03-22 07:33:40,522:INFO:Initializing create_model()
2021-03-22 07:33:40,522:INFO:create_model(estimator=lightgbm, fold=StratifiedKFold(n_splits=10, random_state=None, shuffle=False), round=4, cross_validation=True, predict=True, fit_kwargs={}, groups=None, refit=False, verbose=False, system=False, metrics=None, display=<pycaret.internal.Display.Display object at 0x000001E2A62CD970>, kwargs={})
2021-03-22 07:33:40,522:INFO:Checking exceptions
2021-03-22 07:33:40,522:INFO:Importing libraries
2021-03-22 07:33:40,522:INFO:Copying training dataset
2021-03-22 07:33:40,522:INFO:Defining folds
2021-03-22 07:33:40,530:INFO:Declaring metric variables
2021-03-22 07:33:40,546:INFO:Importing untrained model
2021-03-22 07:33:40,562:INFO:Light Gradient Boosting Machine Imported succesfully
2021-03-22 07:33:40,586:INFO:Starting cross validation
2021-03-22 07:33:40,586:INFO:Cross validating with StratifiedKFold(n_splits=10, random_state=None, shuffle=False), n_jobs=-1
2021-03-22 07:33:41,054:INFO:Calculating mean and std
2021-03-22 07:33:41,062:INFO:Creating metrics dataframe
2021-03-22 07:33:41,062:INFO:Uploading results into container
2021-03-22 07:33:41,062:INFO:Uploading model into container now
2021-03-22 07:33:41,062:INFO:create_model_container: 13
2021-03-22 07:33:41,062:INFO:master_model_container: 13
2021-03-22 07:33:41,062:INFO:display_container: 2
2021-03-22 07:33:41,062:INFO:LGBMClassifier(boosting_type='gbdt', class_weight=None, colsample_bytree=1.0,
               importance_type='split', learning_rate=0.1, max_depth=-1,
               min_child_samples=20, min_child_weight=0.001, min_split_gain=0.0,
               n_estimators=100, n_jobs=-1, num_leaves=31, objective=None,
               random_state=6926, reg_alpha=0.0, reg_lambda=0.0, silent=True,
               subsample=1.0, subsample_for_bin=200000, subsample_freq=0)
2021-03-22 07:33:41,062:INFO:create_model() succesfully completed......................................
2021-03-22 07:33:41,254:INFO:SubProcess create_model() end ==================================
2021-03-22 07:33:41,254:INFO:Creating metrics dataframe
2021-03-22 07:33:41,310:INFO:Initializing create_model()
2021-03-22 07:33:41,310:INFO:create_model(estimator=GradientBoostingClassifier(ccp_alpha=0.0, criterion='friedman_mse', init=None,
                           learning_rate=0.1, loss='deviance', max_depth=3,
                           max_features=None, max_leaf_nodes=None,
                           min_impurity_decrease=0.0, min_impurity_split=None,
                           min_samples_leaf=1, min_samples_split=2,
                           min_weight_fraction_leaf=0.0, n_estimators=100,
                           n_iter_no_change=None, presort='deprecated',
                           random_state=6926, subsample=1.0, tol=0.0001,
                           validation_fraction=0.1, verbose=0,
                           warm_start=False), fold=StratifiedKFold(n_splits=10, random_state=None, shuffle=False), round=4, cross_validation=False, predict=False, fit_kwargs={}, groups=None, refit=True, verbose=False, system=False, metrics=None, display=None, kwargs={})
2021-03-22 07:33:41,310:INFO:Checking exceptions
2021-03-22 07:33:41,310:INFO:Importing libraries
2021-03-22 07:33:41,318:INFO:Copying training dataset
2021-03-22 07:33:41,318:INFO:Defining folds
2021-03-22 07:33:41,318:INFO:Declaring metric variables
2021-03-22 07:33:41,318:INFO:Importing untrained model
2021-03-22 07:33:41,318:INFO:Declaring custom model
2021-03-22 07:33:41,318:INFO:Gradient Boosting Classifier Imported succesfully
2021-03-22 07:33:41,318:INFO:Cross validation set to False
2021-03-22 07:33:41,318:INFO:Fitting Model
2021-03-22 07:33:41,718:INFO:GradientBoostingClassifier(ccp_alpha=0.0, criterion='friedman_mse', init=None,
                           learning_rate=0.1, loss='deviance', max_depth=3,
                           max_features=None, max_leaf_nodes=None,
                           min_impurity_decrease=0.0, min_impurity_split=None,
                           min_samples_leaf=1, min_samples_split=2,
                           min_weight_fraction_leaf=0.0, n_estimators=100,
                           n_iter_no_change=None, presort='deprecated',
                           random_state=6926, subsample=1.0, tol=0.0001,
                           validation_fraction=0.1, verbose=0,
                           warm_start=False)
2021-03-22 07:33:41,718:INFO:create_models() succesfully completed......................................
2021-03-22 07:33:42,035:INFO:create_model_container: 13
2021-03-22 07:33:42,035:INFO:master_model_container: 13
2021-03-22 07:33:42,043:INFO:display_container: 2
2021-03-22 07:33:42,043:INFO:GradientBoostingClassifier(ccp_alpha=0.0, criterion='friedman_mse', init=None,
                           learning_rate=0.1, loss='deviance', max_depth=3,
                           max_features=None, max_leaf_nodes=None,
                           min_impurity_decrease=0.0, min_impurity_split=None,
                           min_samples_leaf=1, min_samples_split=2,
                           min_weight_fraction_leaf=0.0, n_estimators=100,
                           n_iter_no_change=None, presort='deprecated',
                           random_state=6926, subsample=1.0, tol=0.0001,
                           validation_fraction=0.1, verbose=0,
                           warm_start=False)
2021-03-22 07:33:42,043:INFO:compare_models() succesfully completed......................................
2021-03-22 07:51:51,497:INFO:PyCaret Supervised Module
2021-03-22 07:51:51,497:INFO:ML Usecase: classification
2021-03-22 07:51:51,497:INFO:version 2.3.0
2021-03-22 07:51:51,497:INFO:Initializing setup()
2021-03-22 07:51:51,497:INFO:setup(target=0      0
1      1
2      1
3      1
4      0
      ..
886    0
887    1
888    0
889    1
890    0
Name: Survived, Length: 891, dtype: int64, ml_usecase=classification, available_plots={'parameter': 'Hyperparameters', 'auc': 'AUC', 'confusion_matrix': 'Confusion Matrix', 'threshold': 'Threshold', 'pr': 'Precision Recall', 'error': 'Prediction Error', 'class_report': 'Class Report', 'rfe': 'Feature Selection', 'learning': 'Learning Curve', 'manifold': 'Manifold Learning', 'calibration': 'Calibration Curve', 'vc': 'Validation Curve', 'dimension': 'Dimensions', 'feature': 'Feature Importance', 'feature_all': 'Feature Importance (All)', 'boundary': 'Decision Boundary', 'lift': 'Lift Chart', 'gain': 'Gain Chart', 'tree': 'Decision Tree'}, train_size=0.7, test_data=None, preprocess=True, imputation_type=simple, iterative_imputation_iters=5, categorical_features=['Sex', 'Embarked'], categorical_imputation=constant, categorical_iterative_imputer=lightgbm, ordinal_features=None, high_cardinality_features=None, high_cardinality_method=frequency, numeric_features=None, numeric_imputation=mean, numeric_iterative_imputer=lightgbm, date_features=None, ignore_features=None, normalize=False, normalize_method=zscore, transformation=False, transformation_method=yeo-johnson, handle_unknown_categorical=True, unknown_categorical_method=least_frequent, pca=False, pca_method=linear, pca_components=None, ignore_low_variance=False, combine_rare_levels=False, rare_level_threshold=0.1, bin_numeric_features=None, remove_outliers=False, outliers_threshold=0.05, remove_multicollinearity=False, multicollinearity_threshold=0.9, remove_perfect_collinearity=True, create_clusters=False, cluster_iter=20, polynomial_features=False, polynomial_degree=2, trigonometry_features=False, polynomial_threshold=0.1, group_features=None, group_names=None, feature_selection=False, feature_selection_threshold=0.8, feature_selection_method=classic, feature_interaction=False, feature_ratio=False, interaction_threshold=0.01, fix_imbalance=False, fix_imbalance_method=None, transform_target=False, transform_target_method=box-cox, data_split_shuffle=True, data_split_stratify=False, fold_strategy=stratifiedkfold, fold=10, fold_shuffle=False, fold_groups=None, n_jobs=-1, use_gpu=False, custom_pipeline=None, html=True, session_id=None, log_experiment=False, experiment_name=None, log_plots=False, log_profile=False, log_data=False, silent=False, verbose=True, profile=False, profile_kwargs=None, display=None)
2021-03-22 07:51:51,497:INFO:Checking environment
2021-03-22 07:51:51,505:INFO:python_version: 3.8.8
2021-03-22 07:51:51,505:INFO:python_build: ('default', 'Feb 24 2021 15:54:32')
2021-03-22 07:51:51,505:INFO:machine: AMD64
2021-03-22 07:51:51,505:INFO:platform: Windows-10-10.0.17763-SP0
2021-03-22 07:51:51,505:WARNING:cannot find psutil installation. memory not traceable. Install psutil using pip to enable memory logging.
2021-03-22 07:51:51,505:INFO:Checking libraries
2021-03-22 07:51:51,505:INFO:pd==1.2.3
2021-03-22 07:51:51,505:INFO:numpy==1.20.1
2021-03-22 07:51:51,505:INFO:sklearn==0.23.2
2021-03-22 07:51:51,505:INFO:lightgbm==3.1.1
2021-03-22 07:51:51,505:WARNING:catboost not found
2021-03-22 07:51:51,505:WARNING:xgboost not found
2021-03-22 07:51:51,505:INFO:mlflow==1.14.1
2021-03-22 07:51:51,505:INFO:Checking Exceptions
2021-03-22 07:52:21,932:INFO:PyCaret Supervised Module
2021-03-22 07:52:21,932:INFO:ML Usecase: classification
2021-03-22 07:52:21,932:INFO:version 2.3.0
2021-03-22 07:52:21,932:INFO:Initializing setup()
2021-03-22 07:52:21,932:INFO:setup(target=Survived, ml_usecase=classification, available_plots={'parameter': 'Hyperparameters', 'auc': 'AUC', 'confusion_matrix': 'Confusion Matrix', 'threshold': 'Threshold', 'pr': 'Precision Recall', 'error': 'Prediction Error', 'class_report': 'Class Report', 'rfe': 'Feature Selection', 'learning': 'Learning Curve', 'manifold': 'Manifold Learning', 'calibration': 'Calibration Curve', 'vc': 'Validation Curve', 'dimension': 'Dimensions', 'feature': 'Feature Importance', 'feature_all': 'Feature Importance (All)', 'boundary': 'Decision Boundary', 'lift': 'Lift Chart', 'gain': 'Gain Chart', 'tree': 'Decision Tree'}, train_size=0.7, test_data=None, preprocess=True, imputation_type=simple, iterative_imputation_iters=5, categorical_features=['Sex', 'Embarked'], categorical_imputation=constant, categorical_iterative_imputer=lightgbm, ordinal_features=None, high_cardinality_features=None, high_cardinality_method=frequency, numeric_features=None, numeric_imputation=mean, numeric_iterative_imputer=lightgbm, date_features=None, ignore_features=None, normalize=False, normalize_method=zscore, transformation=False, transformation_method=yeo-johnson, handle_unknown_categorical=True, unknown_categorical_method=least_frequent, pca=False, pca_method=linear, pca_components=None, ignore_low_variance=False, combine_rare_levels=False, rare_level_threshold=0.1, bin_numeric_features=None, remove_outliers=False, outliers_threshold=0.05, remove_multicollinearity=False, multicollinearity_threshold=0.9, remove_perfect_collinearity=True, create_clusters=False, cluster_iter=20, polynomial_features=False, polynomial_degree=2, trigonometry_features=False, polynomial_threshold=0.1, group_features=None, group_names=None, feature_selection=False, feature_selection_threshold=0.8, feature_selection_method=classic, feature_interaction=False, feature_ratio=False, interaction_threshold=0.01, fix_imbalance=False, fix_imbalance_method=None, transform_target=False, transform_target_method=box-cox, data_split_shuffle=True, data_split_stratify=False, fold_strategy=stratifiedkfold, fold=10, fold_shuffle=False, fold_groups=None, n_jobs=-1, use_gpu=False, custom_pipeline=None, html=True, session_id=None, log_experiment=False, experiment_name=None, log_plots=False, log_profile=False, log_data=False, silent=False, verbose=True, profile=False, profile_kwargs=None, display=None)
2021-03-22 07:52:21,932:INFO:Checking environment
2021-03-22 07:52:21,932:INFO:python_version: 3.8.8
2021-03-22 07:52:21,932:INFO:python_build: ('default', 'Feb 24 2021 15:54:32')
2021-03-22 07:52:21,932:INFO:machine: AMD64
2021-03-22 07:52:21,932:INFO:platform: Windows-10-10.0.17763-SP0
2021-03-22 07:52:21,932:WARNING:cannot find psutil installation. memory not traceable. Install psutil using pip to enable memory logging.
2021-03-22 07:52:21,932:INFO:Checking libraries
2021-03-22 07:52:21,932:INFO:pd==1.2.3
2021-03-22 07:52:21,932:INFO:numpy==1.20.1
2021-03-22 07:52:21,932:INFO:sklearn==0.23.2
2021-03-22 07:52:21,932:INFO:lightgbm==3.1.1
2021-03-22 07:52:21,940:WARNING:catboost not found
2021-03-22 07:52:21,940:WARNING:xgboost not found
2021-03-22 07:52:21,940:INFO:mlflow==1.14.1
2021-03-22 07:52:21,940:INFO:Checking Exceptions
2021-03-22 07:52:21,940:INFO:Declaring global variables
2021-03-22 07:52:21,940:INFO:USI: 8464
2021-03-22 07:52:21,940:INFO:pycaret_globals: {'logging_param', 'fold_shuffle_param', 'create_model_container', 'fold_param', 'fold_generator', 'prep_pipe', 'USI', '_available_plots', 'master_model_container', 'stratify_param', 'exp_name_log', 'experiment__', 'X', '_all_metrics', 'y', 'n_jobs_param', 'target_param', '_internal_pipeline', '_ml_usecase', 'log_plots_param', '_all_models', 'fix_imbalance_param', 'gpu_param', 'imputation_classifier', '_gpu_n_jobs_param', 'seed', 'fix_imbalance_method_param', 'display_container', 'y_train', 'X_test', 'data_before_preprocess', 'transform_target_method_param', 'iterative_imputation_iters_param', 'imputation_regressor', '_all_models_internal', 'y_test', 'html_param', 'fold_groups_param', 'pycaret_globals', 'X_train', 'transform_target_param'}
2021-03-22 07:52:21,940:INFO:Preparing display monitor
2021-03-22 07:52:21,940:INFO:Preparing display monitor
2021-03-22 07:52:21,977:INFO:Importing libraries
2021-03-22 07:52:21,977:INFO:Copying data for preprocessing
2021-03-22 07:52:22,017:INFO:Declaring preprocessing parameters
2021-03-22 07:52:22,017:INFO:Creating preprocessing pipeline
2021-03-22 07:52:22,033:INFO:Preprocessing pipeline created successfully
2021-03-22 07:52:22,033:ERROR:(Process Exit): setup has been interupted with user command 'quit'. setup must rerun.
2021-03-22 07:52:22,033:INFO:Creating global containers
2021-03-22 07:52:22,033:INFO:Internal pipeline: Pipeline(memory=None, steps=[('empty_step', 'passthrough')], verbose=False)
2021-03-22 07:52:27,424:WARNING:Couldn't import xgboost.XGBClassifier
2021-03-22 07:52:27,424:WARNING:Couldn't import catboost.CatBoostClassifier
2021-03-22 07:52:27,640:WARNING:Couldn't import xgboost.XGBClassifier
2021-03-22 07:52:27,640:WARNING:Couldn't import catboost.CatBoostClassifier
2021-03-22 07:52:27,640:INFO:Creating grid variables
2021-03-22 07:52:27,664:INFO:create_model_container: 0
2021-03-22 07:52:27,664:INFO:master_model_container: 0
2021-03-22 07:52:27,664:INFO:display_container: 1
2021-03-22 07:52:27,704:INFO:Pipeline(memory=None,
         steps=[('dtypes',
                 DataTypes_Auto_infer(categorical_features=['Sex', 'Embarked'],
                                      display_types=True, features_todrop=[],
                                      id_columns=[],
                                      ml_usecase='classification',
                                      numerical_features=[], target='Survived',
                                      time_features=[])),
                ('imputer',
                 Simple_Imputer(categorical_strategy='not_available',
                                fill_value_categorical=None,
                                fill_value_numerical=...
                ('scaling', 'passthrough'), ('P_transform', 'passthrough'),
                ('binn', 'passthrough'), ('rem_outliers', 'passthrough'),
                ('cluster_all', 'passthrough'),
                ('dummy', Dummify(target='Survived')),
                ('fix_perfect', Remove_100(target='Survived')),
                ('clean_names', Clean_Colum_Names()),
                ('feature_select', 'passthrough'), ('fix_multi', 'passthrough'),
                ('dfs', 'passthrough'), ('pca', 'passthrough')],
         verbose=False)
2021-03-22 07:52:27,704:INFO:setup() succesfully completed......................................
2021-03-22 07:52:27,896:INFO:Initializing compare_models()
2021-03-22 07:52:27,896:INFO:compare_models(include=None, fold=None, round=4, cross_validation=True, sort=Accuracy, n_select=1, budget_time=None, turbo=True, errors=ignore, fit_kwargs=None, groups=None, verbose=True, display=None, exclude=None)
2021-03-22 07:52:27,896:INFO:Checking exceptions
2021-03-22 07:52:27,896:INFO:Preparing display monitor
2021-03-22 07:52:27,896:INFO:Preparing display monitor
2021-03-22 07:52:27,989:INFO:Initializing Logistic Regression
2021-03-22 07:52:27,989:INFO:Total runtime is 0.0 minutes
2021-03-22 07:52:28,021:INFO:SubProcess create_model() called ==================================
2021-03-22 07:52:28,021:INFO:Initializing create_model()
2021-03-22 07:52:28,021:INFO:create_model(estimator=lr, fold=StratifiedKFold(n_splits=10, random_state=None, shuffle=False), round=4, cross_validation=True, predict=True, fit_kwargs={}, groups=None, refit=False, verbose=False, system=False, metrics=None, display=<pycaret.internal.Display.Display object at 0x000001E2A8CCED90>, kwargs={})
2021-03-22 07:52:28,021:INFO:Checking exceptions
2021-03-22 07:52:28,021:INFO:Importing libraries
2021-03-22 07:52:28,021:INFO:Copying training dataset
2021-03-22 07:52:28,021:INFO:Defining folds
2021-03-22 07:52:28,021:INFO:Declaring metric variables
2021-03-22 07:52:28,037:INFO:Importing untrained model
2021-03-22 07:52:28,053:INFO:Logistic Regression Imported succesfully
2021-03-22 07:52:28,085:INFO:Starting cross validation
2021-03-22 07:52:28,085:INFO:Cross validating with StratifiedKFold(n_splits=10, random_state=None, shuffle=False), n_jobs=-1
2021-03-22 07:52:46,000:INFO:Calculating mean and std
2021-03-22 07:52:46,000:INFO:Creating metrics dataframe
2021-03-22 07:52:46,000:INFO:Uploading results into container
2021-03-22 07:52:46,000:INFO:Uploading model into container now
2021-03-22 07:52:46,000:INFO:create_model_container: 1
2021-03-22 07:52:46,000:INFO:master_model_container: 1
2021-03-22 07:52:46,008:INFO:display_container: 2
2021-03-22 07:52:46,008:INFO:LogisticRegression(C=1.0, class_weight=None, dual=False, fit_intercept=True,
                   intercept_scaling=1, l1_ratio=None, max_iter=1000,
                   multi_class='auto', n_jobs=None, penalty='l2',
                   random_state=397, solver='lbfgs', tol=0.0001, verbose=0,
                   warm_start=False)
2021-03-22 07:52:46,008:INFO:create_model() succesfully completed......................................
2021-03-22 07:52:46,200:INFO:SubProcess create_model() end ==================================
2021-03-22 07:52:46,200:INFO:Creating metrics dataframe
2021-03-22 07:52:46,248:INFO:Initializing K Neighbors Classifier
2021-03-22 07:52:46,256:INFO:Total runtime is 0.30444902578989663 minutes
2021-03-22 07:52:46,296:INFO:SubProcess create_model() called ==================================
2021-03-22 07:52:46,296:INFO:Initializing create_model()
2021-03-22 07:52:46,296:INFO:create_model(estimator=knn, fold=StratifiedKFold(n_splits=10, random_state=None, shuffle=False), round=4, cross_validation=True, predict=True, fit_kwargs={}, groups=None, refit=False, verbose=False, system=False, metrics=None, display=<pycaret.internal.Display.Display object at 0x000001E2A8CCED90>, kwargs={})
2021-03-22 07:52:46,296:INFO:Checking exceptions
2021-03-22 07:52:46,296:INFO:Importing libraries
2021-03-22 07:52:46,296:INFO:Copying training dataset
2021-03-22 07:52:46,296:INFO:Defining folds
2021-03-22 07:52:46,296:INFO:Declaring metric variables
2021-03-22 07:52:46,320:INFO:Importing untrained model
2021-03-22 07:52:46,328:INFO:K Neighbors Classifier Imported succesfully
2021-03-22 07:52:46,368:INFO:Starting cross validation
2021-03-22 07:52:46,368:INFO:Cross validating with StratifiedKFold(n_splits=10, random_state=None, shuffle=False), n_jobs=-1
2021-03-22 07:52:46,568:INFO:Calculating mean and std
2021-03-22 07:52:46,568:INFO:Creating metrics dataframe
2021-03-22 07:52:46,576:INFO:Uploading results into container
2021-03-22 07:52:46,576:INFO:Uploading model into container now
2021-03-22 07:52:46,576:INFO:create_model_container: 2
2021-03-22 07:52:46,576:INFO:master_model_container: 2
2021-03-22 07:52:46,576:INFO:display_container: 2
2021-03-22 07:52:46,576:INFO:KNeighborsClassifier(algorithm='auto', leaf_size=30, metric='minkowski',
                     metric_params=None, n_jobs=-1, n_neighbors=5, p=2,
                     weights='uniform')
2021-03-22 07:52:46,576:INFO:create_model() succesfully completed......................................
2021-03-22 07:52:46,752:INFO:SubProcess create_model() end ==================================
2021-03-22 07:52:46,752:INFO:Creating metrics dataframe
2021-03-22 07:52:46,768:INFO:Initializing Naive Bayes
2021-03-22 07:52:46,768:INFO:Total runtime is 0.3129810849825541 minutes
2021-03-22 07:52:46,776:INFO:SubProcess create_model() called ==================================
2021-03-22 07:52:46,784:INFO:Initializing create_model()
2021-03-22 07:52:46,784:INFO:create_model(estimator=nb, fold=StratifiedKFold(n_splits=10, random_state=None, shuffle=False), round=4, cross_validation=True, predict=True, fit_kwargs={}, groups=None, refit=False, verbose=False, system=False, metrics=None, display=<pycaret.internal.Display.Display object at 0x000001E2A8CCED90>, kwargs={})
2021-03-22 07:52:46,784:INFO:Checking exceptions
2021-03-22 07:52:46,784:INFO:Importing libraries
2021-03-22 07:52:46,784:INFO:Copying training dataset
2021-03-22 07:52:46,784:INFO:Defining folds
2021-03-22 07:52:46,784:INFO:Declaring metric variables
2021-03-22 07:52:46,792:INFO:Importing untrained model
2021-03-22 07:52:46,800:INFO:Naive Bayes Imported succesfully
2021-03-22 07:52:46,824:INFO:Starting cross validation
2021-03-22 07:52:46,824:INFO:Cross validating with StratifiedKFold(n_splits=10, random_state=None, shuffle=False), n_jobs=-1
2021-03-22 07:52:47,008:INFO:Calculating mean and std
2021-03-22 07:52:47,016:INFO:Creating metrics dataframe
2021-03-22 07:52:47,016:INFO:Uploading results into container
2021-03-22 07:52:47,016:INFO:Uploading model into container now
2021-03-22 07:52:47,016:INFO:create_model_container: 3
2021-03-22 07:52:47,016:INFO:master_model_container: 3
2021-03-22 07:52:47,016:INFO:display_container: 2
2021-03-22 07:52:47,016:INFO:GaussianNB(priors=None, var_smoothing=1e-09)
2021-03-22 07:52:47,016:INFO:create_model() succesfully completed......................................
2021-03-22 07:52:47,200:INFO:SubProcess create_model() end ==================================
2021-03-22 07:52:47,200:INFO:Creating metrics dataframe
2021-03-22 07:52:47,224:INFO:Initializing Decision Tree Classifier
2021-03-22 07:52:47,224:INFO:Total runtime is 0.32057999769846596 minutes
2021-03-22 07:52:47,256:INFO:SubProcess create_model() called ==================================
2021-03-22 07:52:47,256:INFO:Initializing create_model()
2021-03-22 07:52:47,256:INFO:create_model(estimator=dt, fold=StratifiedKFold(n_splits=10, random_state=None, shuffle=False), round=4, cross_validation=True, predict=True, fit_kwargs={}, groups=None, refit=False, verbose=False, system=False, metrics=None, display=<pycaret.internal.Display.Display object at 0x000001E2A8CCED90>, kwargs={})
2021-03-22 07:52:47,256:INFO:Checking exceptions
2021-03-22 07:52:47,256:INFO:Importing libraries
2021-03-22 07:52:47,264:INFO:Copying training dataset
2021-03-22 07:52:47,264:INFO:Defining folds
2021-03-22 07:52:47,264:INFO:Declaring metric variables
2021-03-22 07:52:47,288:INFO:Importing untrained model
2021-03-22 07:52:47,320:INFO:Decision Tree Classifier Imported succesfully
2021-03-22 07:52:47,384:INFO:Starting cross validation
2021-03-22 07:52:47,384:INFO:Cross validating with StratifiedKFold(n_splits=10, random_state=None, shuffle=False), n_jobs=-1
2021-03-22 07:52:47,520:INFO:Calculating mean and std
2021-03-22 07:52:47,520:INFO:Creating metrics dataframe
2021-03-22 07:52:47,528:INFO:Uploading results into container
2021-03-22 07:52:47,528:INFO:Uploading model into container now
2021-03-22 07:52:47,528:INFO:create_model_container: 4
2021-03-22 07:52:47,528:INFO:master_model_container: 4
2021-03-22 07:52:47,528:INFO:display_container: 2
2021-03-22 07:52:47,528:INFO:DecisionTreeClassifier(ccp_alpha=0.0, class_weight=None, criterion='gini',
                       max_depth=None, max_features=None, max_leaf_nodes=None,
                       min_impurity_decrease=0.0, min_impurity_split=None,
                       min_samples_leaf=1, min_samples_split=2,
                       min_weight_fraction_leaf=0.0, presort='deprecated',
                       random_state=397, splitter='best')
2021-03-22 07:52:47,528:INFO:create_model() succesfully completed......................................
2021-03-22 07:52:47,704:INFO:SubProcess create_model() end ==================================
2021-03-22 07:52:47,704:INFO:Creating metrics dataframe
2021-03-22 07:52:47,760:INFO:Initializing SVM - Linear Kernel
2021-03-22 07:52:47,760:INFO:Total runtime is 0.32951220273971554 minutes
2021-03-22 07:52:47,776:INFO:SubProcess create_model() called ==================================
2021-03-22 07:52:47,784:INFO:Initializing create_model()
2021-03-22 07:52:47,784:INFO:create_model(estimator=svm, fold=StratifiedKFold(n_splits=10, random_state=None, shuffle=False), round=4, cross_validation=True, predict=True, fit_kwargs={}, groups=None, refit=False, verbose=False, system=False, metrics=None, display=<pycaret.internal.Display.Display object at 0x000001E2A8CCED90>, kwargs={})
2021-03-22 07:52:47,784:INFO:Checking exceptions
2021-03-22 07:52:47,784:INFO:Importing libraries
2021-03-22 07:52:47,784:INFO:Copying training dataset
2021-03-22 07:52:47,784:INFO:Defining folds
2021-03-22 07:52:47,784:INFO:Declaring metric variables
2021-03-22 07:52:47,808:INFO:Importing untrained model
2021-03-22 07:52:47,832:INFO:SVM - Linear Kernel Imported succesfully
2021-03-22 07:52:47,864:INFO:Starting cross validation
2021-03-22 07:52:47,864:INFO:Cross validating with StratifiedKFold(n_splits=10, random_state=None, shuffle=False), n_jobs=-1
2021-03-22 07:52:48,166:INFO:Calculating mean and std
2021-03-22 07:52:48,174:INFO:Creating metrics dataframe
2021-03-22 07:52:48,174:INFO:Uploading results into container
2021-03-22 07:52:48,174:INFO:Uploading model into container now
2021-03-22 07:52:48,174:INFO:create_model_container: 5
2021-03-22 07:52:48,174:INFO:master_model_container: 5
2021-03-22 07:52:48,174:INFO:display_container: 2
2021-03-22 07:52:48,174:INFO:SGDClassifier(alpha=0.0001, average=False, class_weight=None,
              early_stopping=False, epsilon=0.1, eta0=0.001, fit_intercept=True,
              l1_ratio=0.15, learning_rate='optimal', loss='hinge',
              max_iter=1000, n_iter_no_change=5, n_jobs=-1, penalty='l2',
              power_t=0.5, random_state=397, shuffle=True, tol=0.001,
              validation_fraction=0.1, verbose=0, warm_start=False)
2021-03-22 07:52:48,182:INFO:create_model() succesfully completed......................................
2021-03-22 07:52:48,438:INFO:SubProcess create_model() end ==================================
2021-03-22 07:52:48,438:INFO:Creating metrics dataframe
2021-03-22 07:52:48,462:INFO:Initializing Ridge Classifier
2021-03-22 07:52:48,462:INFO:Total runtime is 0.34120956659317014 minutes
2021-03-22 07:52:48,470:INFO:SubProcess create_model() called ==================================
2021-03-22 07:52:48,478:INFO:Initializing create_model()
2021-03-22 07:52:48,478:INFO:create_model(estimator=ridge, fold=StratifiedKFold(n_splits=10, random_state=None, shuffle=False), round=4, cross_validation=True, predict=True, fit_kwargs={}, groups=None, refit=False, verbose=False, system=False, metrics=None, display=<pycaret.internal.Display.Display object at 0x000001E2A8CCED90>, kwargs={})
2021-03-22 07:52:48,478:INFO:Checking exceptions
2021-03-22 07:52:48,478:INFO:Importing libraries
2021-03-22 07:52:48,478:INFO:Copying training dataset
2021-03-22 07:52:48,478:INFO:Defining folds
2021-03-22 07:52:48,478:INFO:Declaring metric variables
2021-03-22 07:52:48,486:INFO:Importing untrained model
2021-03-22 07:52:48,502:INFO:Ridge Classifier Imported succesfully
2021-03-22 07:52:48,526:INFO:Starting cross validation
2021-03-22 07:52:48,526:INFO:Cross validating with StratifiedKFold(n_splits=10, random_state=None, shuffle=False), n_jobs=-1
2021-03-22 07:52:48,630:INFO:Calculating mean and std
2021-03-22 07:52:48,630:INFO:Creating metrics dataframe
2021-03-22 07:52:48,638:INFO:Uploading results into container
2021-03-22 07:52:48,638:INFO:Uploading model into container now
2021-03-22 07:52:48,638:INFO:create_model_container: 6
2021-03-22 07:52:48,638:INFO:master_model_container: 6
2021-03-22 07:52:48,638:INFO:display_container: 2
2021-03-22 07:52:48,638:INFO:RidgeClassifier(alpha=1.0, class_weight=None, copy_X=True, fit_intercept=True,
                max_iter=None, normalize=False, random_state=397, solver='auto',
                tol=0.001)
2021-03-22 07:52:48,638:INFO:create_model() succesfully completed......................................
2021-03-22 07:52:48,830:INFO:SubProcess create_model() end ==================================
2021-03-22 07:52:48,830:INFO:Creating metrics dataframe
2021-03-22 07:52:48,918:INFO:Initializing Random Forest Classifier
2021-03-22 07:52:48,918:INFO:Total runtime is 0.3488085349400838 minutes
2021-03-22 07:52:48,934:INFO:SubProcess create_model() called ==================================
2021-03-22 07:52:48,934:INFO:Initializing create_model()
2021-03-22 07:52:48,934:INFO:create_model(estimator=rf, fold=StratifiedKFold(n_splits=10, random_state=None, shuffle=False), round=4, cross_validation=True, predict=True, fit_kwargs={}, groups=None, refit=False, verbose=False, system=False, metrics=None, display=<pycaret.internal.Display.Display object at 0x000001E2A8CCED90>, kwargs={})
2021-03-22 07:52:48,934:INFO:Checking exceptions
2021-03-22 07:52:48,934:INFO:Importing libraries
2021-03-22 07:52:48,934:INFO:Copying training dataset
2021-03-22 07:52:48,934:INFO:Defining folds
2021-03-22 07:52:48,934:INFO:Declaring metric variables
2021-03-22 07:52:48,958:INFO:Importing untrained model
2021-03-22 07:52:48,974:INFO:Random Forest Classifier Imported succesfully
2021-03-22 07:52:49,014:INFO:Starting cross validation
2021-03-22 07:52:49,014:INFO:Cross validating with StratifiedKFold(n_splits=10, random_state=None, shuffle=False), n_jobs=-1
2021-03-22 07:52:50,864:INFO:Calculating mean and std
2021-03-22 07:52:50,864:INFO:Creating metrics dataframe
2021-03-22 07:52:50,880:INFO:Uploading results into container
2021-03-22 07:52:50,880:INFO:Uploading model into container now
2021-03-22 07:52:50,880:INFO:create_model_container: 7
2021-03-22 07:52:50,880:INFO:master_model_container: 7
2021-03-22 07:52:50,880:INFO:display_container: 2
2021-03-22 07:52:50,880:INFO:RandomForestClassifier(bootstrap=True, ccp_alpha=0.0, class_weight=None,
                       criterion='gini', max_depth=None, max_features='auto',
                       max_leaf_nodes=None, max_samples=None,
                       min_impurity_decrease=0.0, min_impurity_split=None,
                       min_samples_leaf=1, min_samples_split=2,
                       min_weight_fraction_leaf=0.0, n_estimators=100,
                       n_jobs=-1, oob_score=False, random_state=397, verbose=0,
                       warm_start=False)
2021-03-22 07:52:50,880:INFO:create_model() succesfully completed......................................
2021-03-22 07:52:51,064:INFO:SubProcess create_model() end ==================================
2021-03-22 07:52:51,064:INFO:Creating metrics dataframe
2021-03-22 07:52:51,096:INFO:Initializing Quadratic Discriminant Analysis
2021-03-22 07:52:51,096:INFO:Total runtime is 0.3851014057795206 minutes
2021-03-22 07:52:51,104:INFO:SubProcess create_model() called ==================================
2021-03-22 07:52:51,104:INFO:Initializing create_model()
2021-03-22 07:52:51,104:INFO:create_model(estimator=qda, fold=StratifiedKFold(n_splits=10, random_state=None, shuffle=False), round=4, cross_validation=True, predict=True, fit_kwargs={}, groups=None, refit=False, verbose=False, system=False, metrics=None, display=<pycaret.internal.Display.Display object at 0x000001E2A8CCED90>, kwargs={})
2021-03-22 07:52:51,104:INFO:Checking exceptions
2021-03-22 07:52:51,104:INFO:Importing libraries
2021-03-22 07:52:51,104:INFO:Copying training dataset
2021-03-22 07:52:51,112:INFO:Defining folds
2021-03-22 07:52:51,112:INFO:Declaring metric variables
2021-03-22 07:52:51,120:INFO:Importing untrained model
2021-03-22 07:52:51,136:INFO:Quadratic Discriminant Analysis Imported succesfully
2021-03-22 07:52:51,160:INFO:Starting cross validation
2021-03-22 07:52:51,160:INFO:Cross validating with StratifiedKFold(n_splits=10, random_state=None, shuffle=False), n_jobs=-1
2021-03-22 07:52:51,447:INFO:Calculating mean and std
2021-03-22 07:52:51,447:INFO:Creating metrics dataframe
2021-03-22 07:52:51,455:INFO:Uploading results into container
2021-03-22 07:52:51,455:INFO:Uploading model into container now
2021-03-22 07:52:51,455:INFO:create_model_container: 8
2021-03-22 07:52:51,455:INFO:master_model_container: 8
2021-03-22 07:52:51,455:INFO:display_container: 2
2021-03-22 07:52:51,455:INFO:QuadraticDiscriminantAnalysis(priors=None, reg_param=0.0,
                              store_covariance=False, tol=0.0001)
2021-03-22 07:52:51,455:INFO:create_model() succesfully completed......................................
2021-03-22 07:52:51,647:INFO:SubProcess create_model() end ==================================
2021-03-22 07:52:51,647:INFO:Creating metrics dataframe
2021-03-22 07:52:51,711:INFO:Initializing Ada Boost Classifier
2021-03-22 07:52:51,711:INFO:Total runtime is 0.3953667521476745 minutes
2021-03-22 07:52:51,735:INFO:SubProcess create_model() called ==================================
2021-03-22 07:52:51,735:INFO:Initializing create_model()
2021-03-22 07:52:51,735:INFO:create_model(estimator=ada, fold=StratifiedKFold(n_splits=10, random_state=None, shuffle=False), round=4, cross_validation=True, predict=True, fit_kwargs={}, groups=None, refit=False, verbose=False, system=False, metrics=None, display=<pycaret.internal.Display.Display object at 0x000001E2A8CCED90>, kwargs={})
2021-03-22 07:52:51,735:INFO:Checking exceptions
2021-03-22 07:52:51,735:INFO:Importing libraries
2021-03-22 07:52:51,735:INFO:Copying training dataset
2021-03-22 07:52:51,735:INFO:Defining folds
2021-03-22 07:52:51,735:INFO:Declaring metric variables
2021-03-22 07:52:51,759:INFO:Importing untrained model
2021-03-22 07:52:51,775:INFO:Ada Boost Classifier Imported succesfully
2021-03-22 07:52:51,815:INFO:Starting cross validation
2021-03-22 07:52:51,815:INFO:Cross validating with StratifiedKFold(n_splits=10, random_state=None, shuffle=False), n_jobs=-1
2021-03-22 07:52:52,683:INFO:Calculating mean and std
2021-03-22 07:52:52,683:INFO:Creating metrics dataframe
2021-03-22 07:52:52,691:INFO:Uploading results into container
2021-03-22 07:52:52,691:INFO:Uploading model into container now
2021-03-22 07:52:52,691:INFO:create_model_container: 9
2021-03-22 07:52:52,691:INFO:master_model_container: 9
2021-03-22 07:52:52,691:INFO:display_container: 2
2021-03-22 07:52:52,691:INFO:AdaBoostClassifier(algorithm='SAMME.R', base_estimator=None, learning_rate=1.0,
                   n_estimators=50, random_state=397)
2021-03-22 07:52:52,691:INFO:create_model() succesfully completed......................................
2021-03-22 07:52:52,875:INFO:SubProcess create_model() end ==================================
2021-03-22 07:52:52,875:INFO:Creating metrics dataframe
2021-03-22 07:52:52,899:INFO:Initializing Gradient Boosting Classifier
2021-03-22 07:52:52,899:INFO:Total runtime is 0.4151666800181071 minutes
2021-03-22 07:52:52,915:INFO:SubProcess create_model() called ==================================
2021-03-22 07:52:52,915:INFO:Initializing create_model()
2021-03-22 07:52:52,915:INFO:create_model(estimator=gbc, fold=StratifiedKFold(n_splits=10, random_state=None, shuffle=False), round=4, cross_validation=True, predict=True, fit_kwargs={}, groups=None, refit=False, verbose=False, system=False, metrics=None, display=<pycaret.internal.Display.Display object at 0x000001E2A8CCED90>, kwargs={})
2021-03-22 07:52:52,915:INFO:Checking exceptions
2021-03-22 07:52:52,915:INFO:Importing libraries
2021-03-22 07:52:52,915:INFO:Copying training dataset
2021-03-22 07:52:52,915:INFO:Defining folds
2021-03-22 07:52:52,915:INFO:Declaring metric variables
2021-03-22 07:52:52,931:INFO:Importing untrained model
2021-03-22 07:52:52,947:INFO:Gradient Boosting Classifier Imported succesfully
2021-03-22 07:52:52,971:INFO:Starting cross validation
2021-03-22 07:52:52,971:INFO:Cross validating with StratifiedKFold(n_splits=10, random_state=None, shuffle=False), n_jobs=-1
2021-03-22 07:52:53,765:INFO:Calculating mean and std
2021-03-22 07:52:53,765:INFO:Creating metrics dataframe
2021-03-22 07:52:53,773:INFO:Uploading results into container
2021-03-22 07:52:53,773:INFO:Uploading model into container now
2021-03-22 07:52:53,773:INFO:create_model_container: 10
2021-03-22 07:52:53,773:INFO:master_model_container: 10
2021-03-22 07:52:53,773:INFO:display_container: 2
2021-03-22 07:52:53,773:INFO:GradientBoostingClassifier(ccp_alpha=0.0, criterion='friedman_mse', init=None,
                           learning_rate=0.1, loss='deviance', max_depth=3,
                           max_features=None, max_leaf_nodes=None,
                           min_impurity_decrease=0.0, min_impurity_split=None,
                           min_samples_leaf=1, min_samples_split=2,
                           min_weight_fraction_leaf=0.0, n_estimators=100,
                           n_iter_no_change=None, presort='deprecated',
                           random_state=397, subsample=1.0, tol=0.0001,
                           validation_fraction=0.1, verbose=0,
                           warm_start=False)
2021-03-22 07:52:53,773:INFO:create_model() succesfully completed......................................
2021-03-22 07:52:53,978:INFO:SubProcess create_model() end ==================================
2021-03-22 07:52:53,978:INFO:Creating metrics dataframe
2021-03-22 07:52:54,010:INFO:Initializing Linear Discriminant Analysis
2021-03-22 07:52:54,010:INFO:Total runtime is 0.4336708943049113 minutes
2021-03-22 07:52:54,026:INFO:SubProcess create_model() called ==================================
2021-03-22 07:52:54,026:INFO:Initializing create_model()
2021-03-22 07:52:54,026:INFO:create_model(estimator=lda, fold=StratifiedKFold(n_splits=10, random_state=None, shuffle=False), round=4, cross_validation=True, predict=True, fit_kwargs={}, groups=None, refit=False, verbose=False, system=False, metrics=None, display=<pycaret.internal.Display.Display object at 0x000001E2A8CCED90>, kwargs={})
2021-03-22 07:52:54,026:INFO:Checking exceptions
2021-03-22 07:52:54,026:INFO:Importing libraries
2021-03-22 07:52:54,026:INFO:Copying training dataset
2021-03-22 07:52:54,026:INFO:Defining folds
2021-03-22 07:52:54,026:INFO:Declaring metric variables
2021-03-22 07:52:54,042:INFO:Importing untrained model
2021-03-22 07:52:54,058:INFO:Linear Discriminant Analysis Imported succesfully
2021-03-22 07:52:54,082:INFO:Starting cross validation
2021-03-22 07:52:54,082:INFO:Cross validating with StratifiedKFold(n_splits=10, random_state=None, shuffle=False), n_jobs=-1
2021-03-22 07:52:54,194:INFO:Calculating mean and std
2021-03-22 07:52:54,202:INFO:Creating metrics dataframe
2021-03-22 07:52:54,202:INFO:Uploading results into container
2021-03-22 07:52:54,202:INFO:Uploading model into container now
2021-03-22 07:52:54,202:INFO:create_model_container: 11
2021-03-22 07:52:54,202:INFO:master_model_container: 11
2021-03-22 07:52:54,202:INFO:display_container: 2
2021-03-22 07:52:54,202:INFO:LinearDiscriminantAnalysis(n_components=None, priors=None, shrinkage=None,
                           solver='svd', store_covariance=False, tol=0.0001)
2021-03-22 07:52:54,202:INFO:create_model() succesfully completed......................................
2021-03-22 07:52:54,410:INFO:SubProcess create_model() end ==================================
2021-03-22 07:52:54,410:INFO:Creating metrics dataframe
2021-03-22 07:52:54,466:INFO:Initializing Extra Trees Classifier
2021-03-22 07:52:54,466:INFO:Total runtime is 0.44126986265182494 minutes
2021-03-22 07:52:54,482:INFO:SubProcess create_model() called ==================================
2021-03-22 07:52:54,482:INFO:Initializing create_model()
2021-03-22 07:52:54,482:INFO:create_model(estimator=et, fold=StratifiedKFold(n_splits=10, random_state=None, shuffle=False), round=4, cross_validation=True, predict=True, fit_kwargs={}, groups=None, refit=False, verbose=False, system=False, metrics=None, display=<pycaret.internal.Display.Display object at 0x000001E2A8CCED90>, kwargs={})
2021-03-22 07:52:54,482:INFO:Checking exceptions
2021-03-22 07:52:54,482:INFO:Importing libraries
2021-03-22 07:52:54,482:INFO:Copying training dataset
2021-03-22 07:52:54,482:INFO:Defining folds
2021-03-22 07:52:54,482:INFO:Declaring metric variables
2021-03-22 07:52:54,498:INFO:Importing untrained model
2021-03-22 07:52:54,514:INFO:Extra Trees Classifier Imported succesfully
2021-03-22 07:52:54,538:INFO:Starting cross validation
2021-03-22 07:52:54,538:INFO:Cross validating with StratifiedKFold(n_splits=10, random_state=None, shuffle=False), n_jobs=-1
2021-03-22 07:52:56,217:INFO:Calculating mean and std
2021-03-22 07:52:56,225:INFO:Creating metrics dataframe
2021-03-22 07:52:56,233:INFO:Uploading results into container
2021-03-22 07:52:56,233:INFO:Uploading model into container now
2021-03-22 07:52:56,233:INFO:create_model_container: 12
2021-03-22 07:52:56,233:INFO:master_model_container: 12
2021-03-22 07:52:56,233:INFO:display_container: 2
2021-03-22 07:52:56,233:INFO:ExtraTreesClassifier(bootstrap=False, ccp_alpha=0.0, class_weight=None,
                     criterion='gini', max_depth=None, max_features='auto',
                     max_leaf_nodes=None, max_samples=None,
                     min_impurity_decrease=0.0, min_impurity_split=None,
                     min_samples_leaf=1, min_samples_split=2,
                     min_weight_fraction_leaf=0.0, n_estimators=100, n_jobs=-1,
                     oob_score=False, random_state=397, verbose=0,
                     warm_start=False)
2021-03-22 07:52:56,233:INFO:create_model() succesfully completed......................................
2021-03-22 07:52:56,433:INFO:SubProcess create_model() end ==================================
2021-03-22 07:52:56,433:INFO:Creating metrics dataframe
2021-03-22 07:52:56,465:INFO:Initializing Light Gradient Boosting Machine
2021-03-22 07:52:56,465:INFO:Total runtime is 0.47459845145543417 minutes
2021-03-22 07:52:56,473:INFO:SubProcess create_model() called ==================================
2021-03-22 07:52:56,473:INFO:Initializing create_model()
2021-03-22 07:52:56,473:INFO:create_model(estimator=lightgbm, fold=StratifiedKFold(n_splits=10, random_state=None, shuffle=False), round=4, cross_validation=True, predict=True, fit_kwargs={}, groups=None, refit=False, verbose=False, system=False, metrics=None, display=<pycaret.internal.Display.Display object at 0x000001E2A8CCED90>, kwargs={})
2021-03-22 07:52:56,473:INFO:Checking exceptions
2021-03-22 07:52:56,473:INFO:Importing libraries
2021-03-22 07:52:56,473:INFO:Copying training dataset
2021-03-22 07:52:56,481:INFO:Defining folds
2021-03-22 07:52:56,481:INFO:Declaring metric variables
2021-03-22 07:52:56,489:INFO:Importing untrained model
2021-03-22 07:52:56,505:INFO:Light Gradient Boosting Machine Imported succesfully
2021-03-22 07:52:56,529:INFO:Starting cross validation
2021-03-22 07:52:56,537:INFO:Cross validating with StratifiedKFold(n_splits=10, random_state=None, shuffle=False), n_jobs=-1
2021-03-22 07:52:56,931:INFO:Calculating mean and std
2021-03-22 07:52:56,939:INFO:Creating metrics dataframe
2021-03-22 07:52:56,939:INFO:Uploading results into container
2021-03-22 07:52:56,939:INFO:Uploading model into container now
2021-03-22 07:52:56,939:INFO:create_model_container: 13
2021-03-22 07:52:56,939:INFO:master_model_container: 13
2021-03-22 07:52:56,939:INFO:display_container: 2
2021-03-22 07:52:56,939:INFO:LGBMClassifier(boosting_type='gbdt', class_weight=None, colsample_bytree=1.0,
               importance_type='split', learning_rate=0.1, max_depth=-1,
               min_child_samples=20, min_child_weight=0.001, min_split_gain=0.0,
               n_estimators=100, n_jobs=-1, num_leaves=31, objective=None,
               random_state=397, reg_alpha=0.0, reg_lambda=0.0, silent=True,
               subsample=1.0, subsample_for_bin=200000, subsample_freq=0)
2021-03-22 07:52:56,939:INFO:create_model() succesfully completed......................................
2021-03-22 07:52:57,133:INFO:SubProcess create_model() end ==================================
2021-03-22 07:52:57,133:INFO:Creating metrics dataframe
2021-03-22 07:52:57,277:INFO:Initializing create_model()
2021-03-22 07:52:57,277:INFO:create_model(estimator=LGBMClassifier(boosting_type='gbdt', class_weight=None, colsample_bytree=1.0,
               importance_type='split', learning_rate=0.1, max_depth=-1,
               min_child_samples=20, min_child_weight=0.001, min_split_gain=0.0,
               n_estimators=100, n_jobs=-1, num_leaves=31, objective=None,
               random_state=397, reg_alpha=0.0, reg_lambda=0.0, silent=True,
               subsample=1.0, subsample_for_bin=200000, subsample_freq=0), fold=StratifiedKFold(n_splits=10, random_state=None, shuffle=False), round=4, cross_validation=False, predict=False, fit_kwargs={}, groups=None, refit=True, verbose=False, system=False, metrics=None, display=None, kwargs={})
2021-03-22 07:52:57,277:INFO:Checking exceptions
2021-03-22 07:52:57,277:INFO:Importing libraries
2021-03-22 07:52:57,277:INFO:Copying training dataset
2021-03-22 07:52:57,277:INFO:Defining folds
2021-03-22 07:52:57,285:INFO:Declaring metric variables
2021-03-22 07:52:57,285:INFO:Importing untrained model
2021-03-22 07:52:57,285:INFO:Declaring custom model
2021-03-22 07:52:57,285:INFO:Light Gradient Boosting Machine Imported succesfully
2021-03-22 07:52:57,285:INFO:Cross validation set to False
2021-03-22 07:52:57,285:INFO:Fitting Model
2021-03-22 07:52:57,390:INFO:LGBMClassifier(boosting_type='gbdt', class_weight=None, colsample_bytree=1.0,
               importance_type='split', learning_rate=0.1, max_depth=-1,
               min_child_samples=20, min_child_weight=0.001, min_split_gain=0.0,
               n_estimators=100, n_jobs=-1, num_leaves=31, objective=None,
               random_state=397, reg_alpha=0.0, reg_lambda=0.0, silent=True,
               subsample=1.0, subsample_for_bin=200000, subsample_freq=0)
2021-03-22 07:52:57,390:INFO:create_models() succesfully completed......................................
2021-03-22 07:52:57,667:INFO:create_model_container: 13
2021-03-22 07:52:57,667:INFO:master_model_container: 13
2021-03-22 07:52:57,667:INFO:display_container: 2
2021-03-22 07:52:57,667:INFO:LGBMClassifier(boosting_type='gbdt', class_weight=None, colsample_bytree=1.0,
               importance_type='split', learning_rate=0.1, max_depth=-1,
               min_child_samples=20, min_child_weight=0.001, min_split_gain=0.0,
               n_estimators=100, n_jobs=-1, num_leaves=31, objective=None,
               random_state=397, reg_alpha=0.0, reg_lambda=0.0, silent=True,
               subsample=1.0, subsample_for_bin=200000, subsample_freq=0)
2021-03-22 07:52:57,667:INFO:compare_models() succesfully completed......................................
